<?xml version="1.0" encoding="UTF-8"?>
<coverage generated="1751246689145" clover="3.2.0">
  <project timestamp="1751246689145" name="All files">
    <metrics statements="10" coveredstatements="10" conditionals="0" coveredconditionals="0" methods="2" coveredmethods="2" elements="12" coveredelements="12" complexity="0" loc="10" ncloc="10" packages="2" files="2" classes="2"/>
    <package name="entities">
      <metrics statements="6" coveredstatements="6" conditionals="0" coveredconditionals="0" methods="1" coveredmethods="1"/>
      <file name="User.ts" path="C:\Users\tania\OneDrive\Documentos\ADS\PRETALAB\Aprofunda-aula-testes\src\core\entities\User.ts">
        <metrics statements="6" coveredstatements="6" conditionals="0" coveredconditionals="0" methods="1" coveredmethods="1"/>
        <line num="1" count="1" type="stmt"/>
        <line num="6" count="1" type="stmt"/>
        <line num="7" count="1" type="stmt"/>
        <line num="8" count="1" type="stmt"/>
        <line num="9" count="1" type="stmt"/>
        <line num="11" count="1" type="stmt"/>
      </file>
    </package>
    <package name="usecases">
      <metrics statements="4" coveredstatements="4" conditionals="0" coveredconditionals="0" methods="1" coveredmethods="1"/>
      <file name="CreateUser.ts" path="C:\Users\tania\OneDrive\Documentos\ADS\PRETALAB\Aprofunda-aula-testes\src\core\usecases\CreateUser.ts">
        <metrics statements="4" coveredstatements="4" conditionals="0" coveredconditionals="0" methods="1" coveredmethods="1"/>
        <line num="1" count="1" type="stmt"/>
        <line num="2" count="1" type="stmt"/>
        <line num="11" count="1" type="stmt"/>
        <line num="13" count="1" type="stmt"/>
      </file>
    </package>
  </project>
</coverage>
